e:\current work\ultra_demo\debug\vc120.pdb
e:\current work\ultra_demo\debug\vc120.idb
e:\current work\ultra_demo\debug\hello_mag2.obj
e:\current work\ultra_demo\debug\driver.obj
e:\current work\ultra_demo\debug\fdatalog.obj
e:\current work\ultra_demo\debug\host_begin.obj
e:\current work\ultra_demo\debug\pin_assignments.obj
e:\current work\ultra_demo\debug\pin_lists.obj
e:\current work\ultra_demo\debug\pin_scramble.obj
e:\current work\ultra_demo\debug\seq_and_bin.obj
e:\current work\ultra_demo\debug\site_begin.obj
e:\current work\ultra_demo\debug\tblks_ac.obj
e:\current work\ultra_demo\debug\tblks_dc.obj
e:\current work\ultra_demo\debug\tester.obj
e:\current work\ultra_demo\debug\test_begin.obj
e:\current work\ultra_demo\debug\test_end.obj
e:\current work\ultra_demo\debug\timer.obj
e:\current work\ultra_demo\debug\timing.obj
e:\current work\ultra_demo\debug\voltage.obj
e:\current work\ultra_demo\debug\ultra_demo.ilk
e:\current work\ultra_demo\debug\ultra_demo.exe
e:\current work\ultra_demo\debug\ultra_demo.pdb
e:\current work\ultra_demo\debug\multidialog.res
e:\current work\ultra_demo\debug\ultra_demo.lib
e:\current work\ultra_demo\debug\ultra_demo.exp
e:\current work\ultra_demo\debug\ultra_demo.tlog\cl.command.1.tlog
e:\current work\ultra_demo\debug\ultra_demo.tlog\cl.read.1.tlog
e:\current work\ultra_demo\debug\ultra_demo.tlog\cl.write.1.tlog
e:\current work\ultra_demo\debug\ultra_demo.tlog\link.command.1.tlog
e:\current work\ultra_demo\debug\ultra_demo.tlog\link.read.1.tlog
e:\current work\ultra_demo\debug\ultra_demo.tlog\link.write.1.tlog
e:\current work\ultra_demo\debug\ultra_demo.tlog\rc.command.1.tlog
e:\current work\ultra_demo\debug\ultra_demo.tlog\rc.read.1.tlog
e:\current work\ultra_demo\debug\ultra_demo.tlog\rc.write.1.tlog
e:\current work\ultra_demo\debug\ultra_demo.tlog\ultra_demo.write.1u.tlog
