d:\user\colin\ultra_demo\debug\vc120.pdb
d:\user\colin\ultra_demo\debug\vc120.idb
d:\user\colin\ultra_demo\debug\bg_trim_mag2.obj
d:\user\colin\ultra_demo\debug\driver.obj
d:\user\colin\ultra_demo\debug\fdatalog.obj
d:\user\colin\ultra_demo\debug\hello_mag2.obj
d:\user\colin\ultra_demo\debug\host_begin.obj
d:\user\colin\ultra_demo\debug\pin_assignments.obj
d:\user\colin\ultra_demo\debug\pin_lists.obj
d:\user\colin\ultra_demo\debug\pin_scramble.obj
d:\user\colin\ultra_demo\debug\seq_and_bin.obj
d:\user\colin\ultra_demo\debug\site_begin.obj
d:\user\colin\ultra_demo\debug\subroutine_mag2.obj
d:\user\colin\ultra_demo\debug\tblks_ac.obj
d:\user\colin\ultra_demo\debug\tblks_dc.obj
d:\user\colin\ultra_demo\debug\tester.obj
d:\user\colin\ultra_demo\debug\test_begin.obj
d:\user\colin\ultra_demo\debug\test_end.obj
d:\user\colin\ultra_demo\debug\timer.obj
d:\user\colin\ultra_demo\debug\timing.obj
d:\user\colin\ultra_demo\debug\voltage.obj
d:\user\colin\ultra_demo\debug\apfp_generated_multi_architecture.obj
d:\user\colin\ultra_demo\debug\ultra_demo.ilk
d:\user\colin\ultra_demo\debug\ultra_demo.exe
d:\user\colin\ultra_demo\debug\ultra_demo.pdb
d:\user\colin\ultra_demo\debug\multidialog.res
d:\user\colin\ultra_demo\debug\ultra_demo.lib
d:\user\colin\ultra_demo\debug\ultra_demo.exp
d:\user\colin\ultra_demo\debug\ultra_demo.tlog\cl.command.1.tlog
d:\user\colin\ultra_demo\debug\ultra_demo.tlog\cl.read.1.tlog
d:\user\colin\ultra_demo\debug\ultra_demo.tlog\cl.write.1.tlog
d:\user\colin\ultra_demo\debug\ultra_demo.tlog\link.command.1.tlog
d:\user\colin\ultra_demo\debug\ultra_demo.tlog\link.read.1.tlog
d:\user\colin\ultra_demo\debug\ultra_demo.tlog\link.write.1.tlog
d:\user\colin\ultra_demo\debug\ultra_demo.tlog\rc.command.1.tlog
d:\user\colin\ultra_demo\debug\ultra_demo.tlog\rc.read.1.tlog
d:\user\colin\ultra_demo\debug\ultra_demo.tlog\rc.write.1.tlog
d:\user\colin\ultra_demo\debug\ultra_demo.tlog\ultra_demo.write.1u.tlog
